MPASM  5.51                 ROTARYENCODER.ASM   8-28-2021  8:52:46         PAGE  1


LOC  OBJECT CODE     LINE SOURCE TEXT
  VALUE

                      00001 ; Autor; Fabiano Costa
                      00002 ; 27-08-2021
                      00003 ; Trata as saidas de um encoder rotativo gerando pulsos de 20ms nas saidas a cada tick para a direita e 
                            esquerda
                      00004 ; As saidas do encoder deverao ser conectadas aos pinos 1 e 2 do PIC e o pino central devera ser conecta
                            do ao terra
                      00005 ; As saidas do PIC estao nos pinos 4 e 5
                      00006 ;
                      00007 ; MCU: PIC12F675
                      00008 ; Autor: Fabiano Costa
                      00009 ; Data de criacao: 27/08/2021
                      00010 ; Desenvolvido no MPLAB 8.92
                      00011 ; 
                      00012 ; GPIO,1 entrada
                      00013 ; GPIO,2 entrada (interrupcao)
                      00014 ; GPIO,4 saida
                      00015 ; GPIO,5 saida
                      00016 
                      00017  list           p=12f675                ; MCU utilizada
                      00018 
                      00019  #include <p12f675.inc>
                      00001         LIST
                      00002 
                      00003 ;==========================================================================
                      00004 ;  MPASM PIC12F675 processor include
                      00005 ; 
                      00006 ;  (c) Copyright 1999-2013 Microchip Technology, All rights reserved
                      00007 ;==========================================================================
                      00008 
                      00366         LIST
                      00020 
                      00021 ; ---- Fuse Bits ----
                      00022 
2007   3FF4           00023    __config _INTRC_OSC_NOCLKOUT & _WDTE_OFF & _MCLRE_ON & _CP_OFF & _CPD_OFF
                      00024  
                      00025 ; ---- Registradores de uso geral ----
                      00026 
                      00027  cblock                                 H'20'
                      00028 
  00000020            00029  W_TEMP
  00000021            00030  STATUS_TEMP
                      00031 
                      00032  endc
                      00033 
                      00034 ; ---- Definicao de I/O ----
                      00035  #define        out0            GPIO,4                                  ; Saida pulso 0
                      00036  #define        out1            GPIO,5                                  ; Saida pulso 1
                      00037  #define        in0                     GPIO,1                                  ; Entrada
                      00038 ;#define        in1                     GPIO,2                                  ; Entrada (configurado v
                            ia interrupcao)
                      00039  
                      00040 ; ---- Vetor de inicializacao ----
                      00041         org                             H'0000'                                 ; Origem no endereco 0x0
MPASM  5.51                 ROTARYENCODER.ASM   8-28-2021  8:52:46         PAGE  2


LOC  OBJECT CODE     LINE SOURCE TEXT
  VALUE

                            0
0000   2???           00042         goto                            configs                                 ; Desvia do vetor de int
                            errupcao
                      00043         
                      00044 ; ---- Vetor de interrupcao ----
                      00045 
                      00046         org                                     H'0004'                                 ; Interrupcoes a
                            pontam para este endereco
                      00047         
                      00048 ; ---- Salvamento de contexto ---
0004   00A0           00049         MOVWF                           W_TEMP                                  ; W_TEMP = W
0005   0E03           00050         SWAPF                           STATUS,W                                ; W = STATUS (nibbles in
                            vertidos)
0006   1283           00051         BCF                             STATUS,RP0                              ; Seleciona banco de mem
                            ória
0007   00A1           00052         MOVWF                           STATUS_TEMP                             ; STATUS_TEMP = W
                      00053         
                      00054 ; ---- ISR ----
                      00055 
0008   108B           00056         bcf                                     INTCON,INTF                             ; Apaga flag de 
                            interrupcao
0009   1885           00057         btfsc                           in0                                             ; Se in0 = 0 exe
                            cuta decrementa
000A   2???           00058         goto                            incrementa                              ; Executa incrementa
000B   2???           00059         call                            pulsoDecr
000C   2???           00060         goto                            exit_ISR
000D                  00061 incrementa:
000D   2???           00062         call                            pulsoIncr
                      00063         
                      00064 ; ---- Fim ISR ----
                      00065 
                      00066 
                      00067 ; ---- Recuperacao de contexto ----
000E                  00068 exit_ISR:
000E   0E21           00069         SWAPF                           STATUS_TEMP,W                   ; W = STATUS_TEMP (nibbles inver
                            tidos)
                      00070                                                                                                 ; SWAPF 
                            f,d
                      00071                                                                                                 ; d = SW
                            AP(f)
                      00072                                                                                                 ; (aaaab
                            bbb) -> (bbbbaaaa)
000F   0083           00073         MOVWF                           STATUS                                  ; STATUS = W
0010   0EA0           00074         SWAPF                           W_TEMP,F                                ; W_TEMP = W_TEMP (invet
                            ido)
0011   0E20           00075         SWAPF                           W_TEMP,W                                ; W = W_TEMP (invertido)
                             
                      00076         
0012   0009           00077         retfie
                      00078 
0013                  00079 configs:
                      00080 
0013   1283           00081         bcf                             STATUS,RP0                              ; Bank 0
MPASM  5.51                 ROTARYENCODER.ASM   8-28-2021  8:52:46         PAGE  3


LOC  OBJECT CODE     LINE SOURCE TEXT
  VALUE

0014   0185           00082         clrf                            GPIO                                    ; Inicializa GPIO
                      00083 
0015   3007           00084         movlw                           07h                                     ; Desabilita comparador
0016   0099           00085         movwf                           CMCON                                   ; Desabilita comparador
                      00086         
0017   1683           00087         bsf                             STATUS,RP0                              ; Bank 1
Message[302]: Register in operand not in bank 0.  Ensure that bank bits are correct.
0018   019F           00088         clrf                            ANSEL                                   ; Desabilita uso de port
                            as analogicas
                      00089         
0019   178B           00090         bsf                                     INTCON,GIE                              ; Habilita inter
                            rupcoes
001A   160B           00091         bsf                                     INTCON,INTE                             ; Habilita inter
                            rupcao externa em GP2
Message[302]: Register in operand not in bank 0.  Ensure that bank bits are correct.
001B   1301           00092         bcf                                     OPTION_REG,INTEDG               ; Seta Interrupcao por b
                            orda de descida em GP2
                      00093         
001C   300F           00094         movlw                           b'00001111'                             ; 
Message[302]: Register in operand not in bank 0.  Ensure that bank bits are correct.
001D   0085           00095         movwf                           TRISIO                                  ; Configura GP4 e GP5 co
                            mo saidas
                      00096         
001E   1283           00097         bcf                             STATUS,RP0                              ; Bank 0
                      00098         
                      00099 ; ----LOOP PRINCIPAL --------------
001F                  00100 inicio:
001F   0000           00101         nop
0020   2???           00102         goto                            inicio
                      00103         
                      00104 ; ---- FIM DO LOOP PRINCIPAL ------
                      00105 
                      00106 ; ---- FUNCAO DE DELAY ----
                      00107 ; Loop externo D80 / Loop Interno D36 = 20ms a 4MHz
                      00108 ; Loop externo D40 / Loop Interno D36 = 10ms a 4MHz
                      00109 
0021                  00110 delayMs:
                      00111         
0021   3050           00112         movlw                           D'80'
0022   00A0           00113         movwf                           20h
                      00114 
0023                  00115 delayMs2:
                      00116 
0023   3024           00117         movlw                           D'36'
0024   00A1           00118         movwf                           21h
                      00119         
0025                  00120 delayMsAux:
                      00121         
0025   0000           00122         nop
0026   0000           00123         nop
0027   0000           00124         nop
0028   0000           00125         nop
0029   0000           00126         nop
MPASM  5.51                 ROTARYENCODER.ASM   8-28-2021  8:52:46         PAGE  4


LOC  OBJECT CODE     LINE SOURCE TEXT
  VALUE

                      00127         
Message[305]: Using default destination of 1 (file).
002A   0BA1           00128         decfsz                          21h
002B   2???           00129         goto                            delayMsAux
Message[305]: Using default destination of 1 (file).
002C   0BA0           00130         decfsz                          20h
002D   2???           00131         goto                            delayMs2
002E   0008           00132         return
                      00133 
002F                  00134 pulsoIncr:
002F   1605           00135         bsf                                     out0
0030   2???           00136         call                            delayMs
0031   1205           00137         bcf                                     out0
0032   0008           00138         return
                      00139         
0033                  00140 pulsoDecr:
0033   1685           00141         bsf                                     out1
0034   2???           00142         call                            delayMs
0035   1285           00143         bcf                                     out1
0036   0008           00144         return  
                      00145 
                      00146 
0037                  00147 fim:
3FF4                  00148         end
MPASM  5.51                 ROTARYENCODER.ASM   8-28-2021  8:52:46         PAGE  5


SYMBOL TABLE
  LABEL                             VALUE 

ADCON0                            0000001F
ADCS0                             00000004
ADCS1                             00000005
ADCS2                             00000006
ADFM                              00000007
ADIE                              00000006
ADIF                              00000006
ADON                              00000000
ADRESH                            0000001E
ADRESL                            0000009E
ANS0                              00000000
ANS1                              00000001
ANS2                              00000002
ANS3                              00000003
ANSEL                             0000009F
C                                 00000000
CAL0                              00000002
CAL1                              00000003
CAL2                              00000004
CAL3                              00000005
CAL4                              00000006
CAL5                              00000007
CHS0                              00000002
CHS1                              00000003
CINV                              00000004
CIS                               00000003
CM0                               00000000
CM1                               00000001
CM2                               00000002
CMCON                             00000019
CMIE                              00000003
CMIF                              00000003
COUT                              00000006
DC                                00000001
EEADR                             0000009B
EECON1                            0000009C
EECON2                            0000009D
EEDAT                             0000009A
EEDATA                            0000009A
EEIE                              00000007
EEIF                              00000007
F                                 00000001
FSR                               00000004
GIE                               00000007
GO                                00000001
GO_DONE                           00000001
GO_NOT_DONE                       00000001
GP0                               00000000
GP1                               00000001
GP2                               00000002
GP3                               00000003
GP4                               00000004
GP5                               00000005
MPASM  5.51                 ROTARYENCODER.ASM   8-28-2021  8:52:46         PAGE  6


SYMBOL TABLE
  LABEL                             VALUE 

GPIE                              00000003
GPIF                              00000000
GPIO                              00000005
GPIO0                             00000000
GPIO1                             00000001
GPIO2                             00000002
GPIO3                             00000003
GPIO4                             00000004
GPIO5                             00000005
INDF                              00000000
INTCON                            0000000B
INTE                              00000004
INTEDG                            00000006
INTF                              00000001
IOC                               00000096
IOC0                              00000000
IOC1                              00000001
IOC2                              00000002
IOC3                              00000003
IOC4                              00000004
IOC5                              00000005
IOCB                              00000096
IOCB0                             00000000
IOCB1                             00000001
IOCB2                             00000002
IOCB3                             00000003
IOCB4                             00000004
IOCB5                             00000005
IRP                               00000007
NOT_BOD                           00000000
NOT_BOR                           00000000
NOT_DONE                          00000001
NOT_GPPU                          00000007
NOT_PD                            00000003
NOT_POR                           00000001
NOT_T1SYNC                        00000002
NOT_TO                            00000004
OPTION_REG                        00000081
OSCCAL                            00000090
PCL                               00000002
PCLATH                            0000000A
PCON                              0000008E
PEIE                              00000006
PIE1                              0000008C
PIR1                              0000000C
PS0                               00000000
PS1                               00000001
PS2                               00000002
PSA                               00000003
RD                                00000000
RP0                               00000005
RP1                               00000006
STATUS                            00000003
MPASM  5.51                 ROTARYENCODER.ASM   8-28-2021  8:52:46         PAGE  7


SYMBOL TABLE
  LABEL                             VALUE 

STATUS_TEMP                       00000021
T0CS                              00000005
T0IE                              00000005
T0IF                              00000002
T0SE                              00000004
T1CKPS0                           00000004
T1CKPS1                           00000005
T1CON                             00000010
T1IE                              00000000
T1IF                              00000000
T1OSCEN                           00000003
TMR0                              00000001
TMR0IE                            00000005
TMR0IF                            00000002
TMR1                              0000000E
TMR1CS                            00000001
TMR1GE                            00000006
TMR1H                             0000000F
TMR1IE                            00000000
TMR1IF                            00000000
TMR1L                             0000000E
TMR1ON                            00000000
TRISIO                            00000085
TRISIO0                           00000000
TRISIO1                           00000001
TRISIO2                           00000002
TRISIO3                           00000003
TRISIO4                           00000004
TRISIO5                           00000005
VCFG                              00000006
VR0                               00000000
VR1                               00000001
VR2                               00000002
VR3                               00000003
VRCON                             00000099
VREN                              00000007
VRR                               00000005
W                                 00000000
WPU                               00000095
WPU0                              00000000
WPU1                              00000001
WPU2                              00000002
WPU4                              00000004
WPU5                              00000005
WR                                00000001
WREN                              00000002
WRERR                             00000003
W_TEMP                            00000020
Z                                 00000002
_BODEN_OFF                        00003FBF
_BODEN_ON                         00003FFF
_BOREN_OFF                        00003FBF
_BOREN_ON                         00003FFF
MPASM  5.51                 ROTARYENCODER.ASM   8-28-2021  8:52:46         PAGE  8


SYMBOL TABLE
  LABEL                             VALUE 

_CONFIG                           00002007
_CPD_OFF                          00003FFF
_CPD_ON                           00003EFF
_CP_OFF                           00003FFF
_CP_ON                            00003F7F
_DEVID1                           00002006
_EC_OSC                           00003FFB
_EXTRC_OSC_CLKOUT                 00003FFF
_EXTRC_OSC_NOCLKOUT               00003FFE
_FOSC_EC                          00003FFB
_FOSC_EXTRCCLK                    00003FFF
_FOSC_EXTRCIO                     00003FFE
_FOSC_HS                          00003FFA
_FOSC_INTRCCLK                    00003FFD
_FOSC_INTRCIO                     00003FFC
_FOSC_LP                          00003FF8
_FOSC_XT                          00003FF9
_HS_OSC                           00003FFA
_IDLOC0                           00002000
_IDLOC1                           00002001
_IDLOC2                           00002002
_IDLOC3                           00002003
_INTRC_OSC_CLKOUT                 00003FFD
_INTRC_OSC_NOCLKOUT               00003FFC
_LP_OSC                           00003FF8
_MCLRE_OFF                        00003FDF
_MCLRE_ON                         00003FFF
_PWRTE_OFF                        00003FFF
_PWRTE_ON                         00003FEF
_WDTE_OFF                         00003FF7
_WDTE_ON                          00003FFF
_WDT_OFF                          00003FF7
_WDT_ON                           00003FFF
_XT_OSC                           00003FF9
__12F675                          00000001
__DEBUG                           1
configs                           00000013
delayMs                           00000021
delayMs2                          00000023
delayMsAux                        00000025
exit_ISR                          0000000E
fim                               00000037
in0                               GPIO,1
incrementa                        0000000D
inicio                            0000001F
out0                              GPIO,4
out1                              GPIO,5
pulsoDecr                         00000033
pulsoIncr                         0000002F

MPASM  5.51                 ROTARYENCODER.ASM   8-28-2021  8:52:46         PAGE  9





Errors   :     0
Warnings :     0 reported,     0 suppressed
Messages :     5 reported,     0 suppressed

